{"D:\\ДОКУМЕНТЫ\\GitHub\\nodejs-homework-rest-api\\app.js": {"path":"D:\\ДОКУМЕНТЫ\\GitHub\\nodejs-homework-rest-api\\app.js","statementMap":{"0":{"start":{"line":1,"column":16},"end":{"line":1,"column":34}},"1":{"start":{"line":2,"column":15},"end":{"line":2,"column":32}},"2":{"start":{"line":3,"column":13},"end":{"line":3,"column":28}},"3":{"start":{"line":4,"column":15},"end":{"line":4,"column":32}},"4":{"start":{"line":5,"column":0},"end":{"line":5,"column":26}},"5":{"start":{"line":6,"column":13},"end":{"line":6,"column":28}},"6":{"start":{"line":7,"column":18},"end":{"line":7,"column":47}},"7":{"start":{"line":8,"column":23},"end":{"line":8,"column":53}},"8":{"start":{"line":9,"column":20},"end":{"line":9,"column":52}},"9":{"start":{"line":10,"column":21},"end":{"line":10,"column":51}},"10":{"start":{"line":11,"column":15},"end":{"line":11,"column":33}},"11":{"start":{"line":12,"column":12},"end":{"line":12,"column":21}},"12":{"start":{"line":14,"column":22},"end":{"line":14,"column":72}},"13":{"start":{"line":15,"column":0},"end":{"line":15,"column":18}},"14":{"start":{"line":16,"column":0},"end":{"line":16,"column":53}},"15":{"start":{"line":17,"column":0},"end":{"line":17,"column":30}},"16":{"start":{"line":18,"column":0},"end":{"line":18,"column":15}},"17":{"start":{"line":19,"column":0},"end":{"line":19,"column":39}},"18":{"start":{"line":20,"column":0},"end":{"line":20,"column":21}},"19":{"start":{"line":21,"column":0},"end":{"line":21,"column":40}},"20":{"start":{"line":23,"column":0},"end":{"line":23,"column":42}},"21":{"start":{"line":25,"column":0},"end":{"line":32,"column":2}},"22":{"start":{"line":26,"column":2},"end":{"line":31,"column":6}},"23":{"start":{"line":34,"column":0},"end":{"line":42,"column":2}},"24":{"start":{"line":35,"column":17},"end":{"line":35,"column":61}},"25":{"start":{"line":36,"column":2},"end":{"line":41,"column":6}},"26":{"start":{"line":44,"column":0},"end":{"line":46,"column":3}},"27":{"start":{"line":45,"column":2},"end":{"line":45,"column":69}},"28":{"start":{"line":48,"column":0},"end":{"line":48,"column":20}}},"fnMap":{"0":{"name":"(anonymous_0)","decl":{"start":{"line":25,"column":8},"end":{"line":25,"column":9}},"loc":{"start":{"line":25,"column":22},"end":{"line":32,"column":1}},"line":25},"1":{"name":"(anonymous_1)","decl":{"start":{"line":34,"column":8},"end":{"line":34,"column":9}},"loc":{"start":{"line":34,"column":33},"end":{"line":42,"column":1}},"line":34},"2":{"name":"(anonymous_2)","decl":{"start":{"line":44,"column":33},"end":{"line":44,"column":34}},"loc":{"start":{"line":44,"column":54},"end":{"line":46,"column":1}},"line":44}},"branchMap":{"0":{"loc":{"start":{"line":14,"column":22},"end":{"line":14,"column":72}},"type":"cond-expr","locations":[{"start":{"line":14,"column":57},"end":{"line":14,"column":62}},{"start":{"line":14,"column":65},"end":{"line":14,"column":72}}],"line":14},"1":{"loc":{"start":{"line":35,"column":17},"end":{"line":35,"column":61}},"type":"binary-expr","locations":[{"start":{"line":35,"column":17},"end":{"line":35,"column":27}},{"start":{"line":35,"column":31},"end":{"line":35,"column":61}}],"line":35},"2":{"loc":{"start":{"line":38,"column":14},"end":{"line":38,"column":74}},"type":"cond-expr","locations":[{"start":{"line":38,"column":58},"end":{"line":38,"column":64}},{"start":{"line":38,"column":67},"end":{"line":38,"column":74}}],"line":38}},"s":{"0":1,"1":1,"2":1,"3":1,"4":1,"5":1,"6":1,"7":1,"8":1,"9":1,"10":1,"11":1,"12":1,"13":1,"14":1,"15":1,"16":1,"17":1,"18":1,"19":1,"20":1,"21":1,"22":0,"23":1,"24":0,"25":0,"26":1,"27":0,"28":1},"f":{"0":0,"1":0,"2":0},"b":{"0":[0,1],"1":[0,0],"2":[0,0]},"_coverageSchema":"1a1c01bbd47fc00a2c39e90264f33305004495a9","hash":"1d3e70f6469e04b2ed1863b810b92058997cf46e"}
,"D:\\ДОКУМЕНТЫ\\GitHub\\nodejs-homework-rest-api\\config\\passport.js": {"path":"D:\\ДОКУМЕНТЫ\\GitHub\\nodejs-homework-rest-api\\config\\passport.js","statementMap":{"0":{"start":{"line":1,"column":17},"end":{"line":1,"column":36}},"1":{"start":{"line":2,"column":46},"end":{"line":2,"column":69}},"2":{"start":{"line":3,"column":0},"end":{"line":3,"column":26}},"3":{"start":{"line":4,"column":12},"end":{"line":4,"column":27}},"4":{"start":{"line":6,"column":14},"end":{"line":6,"column":46}},"5":{"start":{"line":7,"column":13},"end":{"line":7,"column":15}},"6":{"start":{"line":8,"column":0},"end":{"line":8,"column":63}},"7":{"start":{"line":9,"column":0},"end":{"line":9,"column":23}},"8":{"start":{"line":11,"column":0},"end":{"line":24,"column":3}},"9":{"start":{"line":12,"column":4},"end":{"line":23,"column":5}},"10":{"start":{"line":13,"column":21},"end":{"line":13,"column":53}},"11":{"start":{"line":14,"column":8},"end":{"line":16,"column":9}},"12":{"start":{"line":15,"column":10},"end":{"line":15,"column":51}},"13":{"start":{"line":17,"column":8},"end":{"line":19,"column":9}},"14":{"start":{"line":18,"column":10},"end":{"line":18,"column":35}},"15":{"start":{"line":20,"column":8},"end":{"line":20,"column":31}},"16":{"start":{"line":22,"column":8},"end":{"line":22,"column":24}}},"fnMap":{"0":{"name":"(anonymous_0)","decl":{"start":{"line":11,"column":35},"end":{"line":11,"column":36}},"loc":{"start":{"line":11,"column":59},"end":{"line":24,"column":1}},"line":11}},"branchMap":{"0":{"loc":{"start":{"line":14,"column":8},"end":{"line":16,"column":9}},"type":"if","locations":[{"start":{"line":14,"column":8},"end":{"line":16,"column":9}},{"start":{"line":14,"column":8},"end":{"line":16,"column":9}}],"line":14},"1":{"loc":{"start":{"line":17,"column":8},"end":{"line":19,"column":9}},"type":"if","locations":[{"start":{"line":17,"column":8},"end":{"line":19,"column":9}},{"start":{"line":17,"column":8},"end":{"line":19,"column":9}}],"line":17}},"s":{"0":2,"1":2,"2":2,"3":2,"4":2,"5":2,"6":2,"7":2,"8":2,"9":0,"10":0,"11":0,"12":0,"13":0,"14":0,"15":0,"16":0},"f":{"0":0},"b":{"0":[0,0],"1":[0,0]},"_coverageSchema":"1a1c01bbd47fc00a2c39e90264f33305004495a9","hash":"ca55de9e4ac68ae22cc704674909ed1d7b733911"}
,"D:\\ДОКУМЕНТЫ\\GitHub\\nodejs-homework-rest-api\\controllers\\contacts.js": {"path":"D:\\ДОКУМЕНТЫ\\GitHub\\nodejs-homework-rest-api\\controllers\\contacts.js","statementMap":{"0":{"start":{"line":1,"column":17},"end":{"line":1,"column":52}},"1":{"start":{"line":2,"column":21},"end":{"line":2,"column":52}},"2":{"start":{"line":4,"column":21},"end":{"line":19,"column":1}},"3":{"start":{"line":5,"column":2},"end":{"line":18,"column":3}},"4":{"start":{"line":6,"column":19},"end":{"line":6,"column":30}},"5":{"start":{"line":7,"column":38},"end":{"line":7,"column":84}},"6":{"start":{"line":8,"column":6},"end":{"line":15,"column":8}},"7":{"start":{"line":17,"column":4},"end":{"line":17,"column":11}},"8":{"start":{"line":21,"column":23},"end":{"line":42,"column":1}},"9":{"start":{"line":22,"column":2},"end":{"line":41,"column":3}},"10":{"start":{"line":23,"column":19},"end":{"line":23,"column":30}},"11":{"start":{"line":24,"column":20},"end":{"line":24,"column":79}},"12":{"start":{"line":25,"column":4},"end":{"line":33,"column":5}},"13":{"start":{"line":26,"column":6},"end":{"line":32,"column":8}},"14":{"start":{"line":34,"column":6},"end":{"line":38,"column":8}},"15":{"start":{"line":40,"column":4},"end":{"line":40,"column":11}},"16":{"start":{"line":44,"column":19},"end":{"line":57,"column":1}},"17":{"start":{"line":45,"column":2},"end":{"line":56,"column":3}},"18":{"start":{"line":46,"column":19},"end":{"line":46,"column":30}},"19":{"start":{"line":47,"column":20},"end":{"line":47,"column":63}},"20":{"start":{"line":48,"column":4},"end":{"line":50,"column":78}},"21":{"start":{"line":52,"column":4},"end":{"line":54,"column":5}},"22":{"start":{"line":53,"column":6},"end":{"line":53,"column":37}},"23":{"start":{"line":55,"column":4},"end":{"line":55,"column":12}},"24":{"start":{"line":59,"column":22},"end":{"line":80,"column":1}},"25":{"start":{"line":60,"column":2},"end":{"line":79,"column":3}},"26":{"start":{"line":61,"column":19},"end":{"line":61,"column":30}},"27":{"start":{"line":62,"column":20},"end":{"line":62,"column":78}},"28":{"start":{"line":63,"column":4},"end":{"line":71,"column":5}},"29":{"start":{"line":64,"column":6},"end":{"line":70,"column":8}},"30":{"start":{"line":72,"column":6},"end":{"line":76,"column":8}},"31":{"start":{"line":78,"column":4},"end":{"line":78,"column":11}},"32":{"start":{"line":82,"column":22},"end":{"line":99,"column":1}},"33":{"start":{"line":83,"column":2},"end":{"line":98,"column":3}},"34":{"start":{"line":84,"column":19},"end":{"line":84,"column":30}},"35":{"start":{"line":85,"column":20},"end":{"line":85,"column":87}},"36":{"start":{"line":86,"column":4},"end":{"line":92,"column":5}},"37":{"start":{"line":87,"column":6},"end":{"line":91,"column":9}},"38":{"start":{"line":93,"column":4},"end":{"line":95,"column":81}},"39":{"start":{"line":97,"column":4},"end":{"line":97,"column":12}},"40":{"start":{"line":100,"column":28},"end":{"line":117,"column":1}},"41":{"start":{"line":101,"column":4},"end":{"line":116,"column":3}},"42":{"start":{"line":102,"column":19},"end":{"line":102,"column":30}},"43":{"start":{"line":103,"column":28},"end":{"line":103,"column":95}},"44":{"start":{"line":104,"column":4},"end":{"line":110,"column":5}},"45":{"start":{"line":105,"column":6},"end":{"line":109,"column":9}},"46":{"start":{"line":111,"column":4},"end":{"line":113,"column":81}},"47":{"start":{"line":115,"column":4},"end":{"line":115,"column":12}},"48":{"start":{"line":118,"column":0},"end":{"line":125,"column":1}}},"fnMap":{"0":{"name":"(anonymous_0)","decl":{"start":{"line":4,"column":21},"end":{"line":4,"column":22}},"loc":{"start":{"line":4,"column":47},"end":{"line":19,"column":1}},"line":4},"1":{"name":"(anonymous_1)","decl":{"start":{"line":21,"column":23},"end":{"line":21,"column":24}},"loc":{"start":{"line":21,"column":49},"end":{"line":42,"column":1}},"line":21},"2":{"name":"(anonymous_2)","decl":{"start":{"line":44,"column":19},"end":{"line":44,"column":20}},"loc":{"start":{"line":44,"column":45},"end":{"line":57,"column":1}},"line":44},"3":{"name":"(anonymous_3)","decl":{"start":{"line":59,"column":22},"end":{"line":59,"column":23}},"loc":{"start":{"line":59,"column":48},"end":{"line":80,"column":1}},"line":59},"4":{"name":"(anonymous_4)","decl":{"start":{"line":82,"column":22},"end":{"line":82,"column":23}},"loc":{"start":{"line":82,"column":48},"end":{"line":99,"column":1}},"line":82},"5":{"name":"(anonymous_5)","decl":{"start":{"line":100,"column":28},"end":{"line":100,"column":29}},"loc":{"start":{"line":100,"column":54},"end":{"line":117,"column":1}},"line":100}},"branchMap":{"0":{"loc":{"start":{"line":25,"column":4},"end":{"line":33,"column":5}},"type":"if","locations":[{"start":{"line":25,"column":4},"end":{"line":33,"column":5}},{"start":{"line":25,"column":4},"end":{"line":33,"column":5}}],"line":25},"1":{"loc":{"start":{"line":52,"column":4},"end":{"line":54,"column":5}},"type":"if","locations":[{"start":{"line":52,"column":4},"end":{"line":54,"column":5}},{"start":{"line":52,"column":4},"end":{"line":54,"column":5}}],"line":52},"2":{"loc":{"start":{"line":63,"column":4},"end":{"line":71,"column":5}},"type":"if","locations":[{"start":{"line":63,"column":4},"end":{"line":71,"column":5}},{"start":{"line":63,"column":4},"end":{"line":71,"column":5}}],"line":63},"3":{"loc":{"start":{"line":86,"column":4},"end":{"line":92,"column":5}},"type":"if","locations":[{"start":{"line":86,"column":4},"end":{"line":92,"column":5}},{"start":{"line":86,"column":4},"end":{"line":92,"column":5}}],"line":86},"4":{"loc":{"start":{"line":104,"column":4},"end":{"line":110,"column":5}},"type":"if","locations":[{"start":{"line":104,"column":4},"end":{"line":110,"column":5}},{"start":{"line":104,"column":4},"end":{"line":110,"column":5}}],"line":104}},"s":{"0":2,"1":2,"2":2,"3":0,"4":0,"5":0,"6":0,"7":0,"8":2,"9":0,"10":0,"11":0,"12":0,"13":0,"14":0,"15":0,"16":2,"17":0,"18":0,"19":0,"20":0,"21":0,"22":0,"23":0,"24":2,"25":0,"26":0,"27":0,"28":0,"29":0,"30":0,"31":0,"32":2,"33":3,"34":3,"35":3,"36":2,"37":1,"38":1,"39":1,"40":2,"41":0,"42":0,"43":0,"44":0,"45":0,"46":0,"47":0,"48":2},"f":{"0":0,"1":0,"2":0,"3":0,"4":3,"5":0},"b":{"0":[0,0],"1":[0,0],"2":[0,0],"3":[1,1],"4":[0,0]},"_coverageSchema":"1a1c01bbd47fc00a2c39e90264f33305004495a9","hash":"5a9cd504203da040f942cb5d19746a835db744d0"}
,"D:\\ДОКУМЕНТЫ\\GitHub\\nodejs-homework-rest-api\\controllers\\users.js": {"path":"D:\\ДОКУМЕНТЫ\\GitHub\\nodejs-homework-rest-api\\controllers\\users.js","statementMap":{"0":{"start":{"line":1,"column":14},"end":{"line":1,"column":46}},"1":{"start":{"line":2,"column":21},"end":{"line":2,"column":52}},"2":{"start":{"line":3,"column":11},"end":{"line":3,"column":33}},"3":{"start":{"line":4,"column":12},"end":{"line":4,"column":35}},"4":{"start":{"line":7,"column":28},"end":{"line":7,"column":63}},"5":{"start":{"line":8,"column":0},"end":{"line":8,"column":26}},"6":{"start":{"line":9,"column":12},"end":{"line":9,"column":27}},"7":{"start":{"line":11,"column":17},"end":{"line":31,"column":1}},"8":{"start":{"line":12,"column":2},"end":{"line":30,"column":3}},"9":{"start":{"line":13,"column":19},"end":{"line":13,"column":58}},"10":{"start":{"line":14,"column":6},"end":{"line":20,"column":7}},"11":{"start":{"line":15,"column":8},"end":{"line":19,"column":8}},"12":{"start":{"line":21,"column":54},"end":{"line":21,"column":86}},"13":{"start":{"line":23,"column":6},"end":{"line":27,"column":8}},"14":{"start":{"line":29,"column":4},"end":{"line":29,"column":11}},"15":{"start":{"line":32,"column":14},"end":{"line":57,"column":1}},"16":{"start":{"line":33,"column":2},"end":{"line":56,"column":3}},"17":{"start":{"line":34,"column":19},"end":{"line":34,"column":58}},"18":{"start":{"line":35,"column":30},"end":{"line":35,"column":76}},"19":{"start":{"line":36,"column":6},"end":{"line":42,"column":7}},"20":{"start":{"line":37,"column":8},"end":{"line":41,"column":8}},"21":{"start":{"line":43,"column":17},"end":{"line":43,"column":24}},"22":{"start":{"line":44,"column":22},"end":{"line":44,"column":51}},"23":{"start":{"line":45,"column":20},"end":{"line":45,"column":63}},"24":{"start":{"line":46,"column":6},"end":{"line":46,"column":40}},"25":{"start":{"line":47,"column":6},"end":{"line":53,"column":8}},"26":{"start":{"line":55,"column":4},"end":{"line":55,"column":11}},"27":{"start":{"line":58,"column":15},"end":{"line":66,"column":1}},"28":{"start":{"line":59,"column":13},"end":{"line":59,"column":24}},"29":{"start":{"line":60,"column":2},"end":{"line":65,"column":3}},"30":{"start":{"line":61,"column":4},"end":{"line":61,"column":37}},"31":{"start":{"line":62,"column":6},"end":{"line":62,"column":53}},"32":{"start":{"line":64,"column":4},"end":{"line":64,"column":11}},"33":{"start":{"line":69,"column":16},"end":{"line":85,"column":1}},"34":{"start":{"line":70,"column":2},"end":{"line":84,"column":3}},"35":{"start":{"line":71,"column":15},"end":{"line":71,"column":26}},"36":{"start":{"line":72,"column":20},"end":{"line":72,"column":45}},"37":{"start":{"line":73,"column":41},"end":{"line":76,"column":5}},"38":{"start":{"line":78,"column":4},"end":{"line":78,"column":35}},"39":{"start":{"line":80,"column":4},"end":{"line":80,"column":59}},"40":{"start":{"line":81,"column":4},"end":{"line":81,"column":76}},"41":{"start":{"line":83,"column":4},"end":{"line":83,"column":16}},"42":{"start":{"line":117,"column":0},"end":{"line":122,"column":1}}},"fnMap":{"0":{"name":"(anonymous_0)","decl":{"start":{"line":11,"column":17},"end":{"line":11,"column":18}},"loc":{"start":{"line":11,"column":43},"end":{"line":31,"column":1}},"line":11},"1":{"name":"(anonymous_1)","decl":{"start":{"line":32,"column":14},"end":{"line":32,"column":15}},"loc":{"start":{"line":32,"column":40},"end":{"line":57,"column":1}},"line":32},"2":{"name":"(anonymous_2)","decl":{"start":{"line":58,"column":15},"end":{"line":58,"column":16}},"loc":{"start":{"line":58,"column":41},"end":{"line":66,"column":1}},"line":58},"3":{"name":"(anonymous_3)","decl":{"start":{"line":69,"column":16},"end":{"line":69,"column":17}},"loc":{"start":{"line":69,"column":42},"end":{"line":85,"column":1}},"line":69}},"branchMap":{"0":{"loc":{"start":{"line":14,"column":6},"end":{"line":20,"column":7}},"type":"if","locations":[{"start":{"line":14,"column":6},"end":{"line":20,"column":7}},{"start":{"line":14,"column":6},"end":{"line":20,"column":7}}],"line":14},"1":{"loc":{"start":{"line":36,"column":6},"end":{"line":42,"column":7}},"type":"if","locations":[{"start":{"line":36,"column":6},"end":{"line":42,"column":7}},{"start":{"line":36,"column":6},"end":{"line":42,"column":7}}],"line":36},"2":{"loc":{"start":{"line":36,"column":10},"end":{"line":36,"column":35}},"type":"binary-expr","locations":[{"start":{"line":36,"column":10},"end":{"line":36,"column":15}},{"start":{"line":36,"column":19},"end":{"line":36,"column":35}}],"line":36}},"s":{"0":1,"1":1,"2":1,"3":1,"4":1,"5":1,"6":1,"7":1,"8":0,"9":0,"10":0,"11":0,"12":0,"13":0,"14":0,"15":1,"16":0,"17":0,"18":0,"19":0,"20":0,"21":0,"22":0,"23":0,"24":0,"25":0,"26":0,"27":1,"28":0,"29":0,"30":0,"31":0,"32":0,"33":1,"34":0,"35":0,"36":0,"37":0,"38":0,"39":0,"40":0,"41":0,"42":1},"f":{"0":0,"1":0,"2":0,"3":0},"b":{"0":[0,0],"1":[0,0],"2":[0,0]},"_coverageSchema":"1a1c01bbd47fc00a2c39e90264f33305004495a9","hash":"fd0393aaaf7d1f5b19073db09c0865bdf440ea43"}
,"D:\\ДОКУМЕНТЫ\\GitHub\\nodejs-homework-rest-api\\helpers\\constants.js": {"path":"D:\\ДОКУМЕНТЫ\\GitHub\\nodejs-homework-rest-api\\helpers\\constants.js","statementMap":{"0":{"start":{"line":1,"column":21},"end":{"line":5,"column":1}},"1":{"start":{"line":7,"column":17},"end":{"line":18,"column":1}},"2":{"start":{"line":20,"column":19},"end":{"line":30,"column":1}},"3":{"start":{"line":24,"column":8},"end":{"line":28,"column":8}},"4":{"start":{"line":32,"column":0},"end":{"line":36,"column":1}}},"fnMap":{"0":{"name":"(anonymous_0)","decl":{"start":{"line":23,"column":13},"end":{"line":23,"column":14}},"loc":{"start":{"line":23,"column":33},"end":{"line":29,"column":3}},"line":23}},"branchMap":{},"s":{"0":3,"1":3,"2":3,"3":0,"4":3},"f":{"0":0},"b":{},"_coverageSchema":"1a1c01bbd47fc00a2c39e90264f33305004495a9","hash":"23a4960496099fc1d7a8e6cfe037311b0792ffcd"}
,"D:\\ДОКУМЕНТЫ\\GitHub\\nodejs-homework-rest-api\\helpers\\guard.js": {"path":"D:\\ДОКУМЕНТЫ\\GitHub\\nodejs-homework-rest-api\\helpers\\guard.js","statementMap":{"0":{"start":{"line":1,"column":17},"end":{"line":1,"column":36}},"1":{"start":{"line":2,"column":0},"end":{"line":2,"column":29}},"2":{"start":{"line":3,"column":21},"end":{"line":3,"column":43}},"3":{"start":{"line":5,"column":14},"end":{"line":22,"column":1}},"4":{"start":{"line":6,"column":2},"end":{"line":21,"column":21}},"5":{"start":{"line":7,"column":23},"end":{"line":7,"column":47}},"6":{"start":{"line":8,"column":16},"end":{"line":8,"column":20}},"7":{"start":{"line":9,"column":4},"end":{"line":11,"column":5}},"8":{"start":{"line":10,"column":6},"end":{"line":10,"column":39}},"9":{"start":{"line":12,"column":4},"end":{"line":18,"column":5}},"10":{"start":{"line":13,"column":6},"end":{"line":17,"column":8}},"11":{"start":{"line":19,"column":4},"end":{"line":19,"column":20}},"12":{"start":{"line":20,"column":4},"end":{"line":20,"column":18}},"13":{"start":{"line":25,"column":0},"end":{"line":25,"column":22}}},"fnMap":{"0":{"name":"(anonymous_0)","decl":{"start":{"line":5,"column":14},"end":{"line":5,"column":15}},"loc":{"start":{"line":5,"column":34},"end":{"line":22,"column":1}},"line":5},"1":{"name":"(anonymous_1)","decl":{"start":{"line":6,"column":51},"end":{"line":6,"column":52}},"loc":{"start":{"line":6,"column":66},"end":{"line":21,"column":3}},"line":6}},"branchMap":{"0":{"loc":{"start":{"line":9,"column":4},"end":{"line":11,"column":5}},"type":"if","locations":[{"start":{"line":9,"column":4},"end":{"line":11,"column":5}},{"start":{"line":9,"column":4},"end":{"line":11,"column":5}}],"line":9},"1":{"loc":{"start":{"line":12,"column":4},"end":{"line":18,"column":5}},"type":"if","locations":[{"start":{"line":12,"column":4},"end":{"line":18,"column":5}},{"start":{"line":12,"column":4},"end":{"line":18,"column":5}}],"line":12},"2":{"loc":{"start":{"line":12,"column":8},"end":{"line":12,"column":45}},"type":"binary-expr","locations":[{"start":{"line":12,"column":8},"end":{"line":12,"column":11}},{"start":{"line":12,"column":15},"end":{"line":12,"column":20}},{"start":{"line":12,"column":24},"end":{"line":12,"column":45}}],"line":12}},"s":{"0":2,"1":2,"2":2,"3":2,"4":3,"5":3,"6":3,"7":3,"8":3,"9":3,"10":2,"11":1,"12":1,"13":2},"f":{"0":3,"1":3},"b":{"0":[3,0],"1":[2,1],"2":[3,3,2]},"_coverageSchema":"1a1c01bbd47fc00a2c39e90264f33305004495a9","hash":"e70bbb8f89a0482822ae895f39438f744e02f6b2"}
,"D:\\ДОКУМЕНТЫ\\GitHub\\nodejs-homework-rest-api\\helpers\\upload.js": {"path":"D:\\ДОКУМЕНТЫ\\GitHub\\nodejs-homework-rest-api\\helpers\\upload.js","statementMap":{"0":{"start":{"line":1,"column":15},"end":{"line":1,"column":32}},"1":{"start":{"line":2,"column":21},"end":{"line":2,"column":43}},"2":{"start":{"line":4,"column":0},"end":{"line":4,"column":26}},"3":{"start":{"line":6,"column":19},"end":{"line":6,"column":41}},"4":{"start":{"line":8,"column":16},"end":{"line":15,"column":2}},"5":{"start":{"line":10,"column":4},"end":{"line":10,"column":24}},"6":{"start":{"line":13,"column":4},"end":{"line":13,"column":60}},"7":{"start":{"line":17,"column":15},"end":{"line":26,"column":4}},"8":{"start":{"line":19,"column":8},"end":{"line":22,"column":9}},"9":{"start":{"line":20,"column":12},"end":{"line":20,"column":26}},"10":{"start":{"line":21,"column":12},"end":{"line":21,"column":18}},"11":{"start":{"line":23,"column":22},"end":{"line":23,"column":63}},"12":{"start":{"line":24,"column":8},"end":{"line":24,"column":43}},"13":{"start":{"line":25,"column":8},"end":{"line":25,"column":17}},"14":{"start":{"line":28,"column":0},"end":{"line":28,"column":23}}},"fnMap":{"0":{"name":"(anonymous_0)","decl":{"start":{"line":9,"column":15},"end":{"line":9,"column":16}},"loc":{"start":{"line":9,"column":40},"end":{"line":11,"column":3}},"line":9},"1":{"name":"(anonymous_1)","decl":{"start":{"line":12,"column":12},"end":{"line":12,"column":13}},"loc":{"start":{"line":12,"column":37},"end":{"line":14,"column":3}},"line":12},"2":{"name":"(anonymous_2)","decl":{"start":{"line":18,"column":65},"end":{"line":18,"column":66}},"loc":{"start":{"line":18,"column":84},"end":{"line":26,"column":1}},"line":18}},"branchMap":{"0":{"loc":{"start":{"line":19,"column":8},"end":{"line":22,"column":9}},"type":"if","locations":[{"start":{"line":19,"column":8},"end":{"line":22,"column":9}},{"start":{"line":19,"column":8},"end":{"line":22,"column":9}}],"line":19}},"s":{"0":1,"1":1,"2":1,"3":1,"4":1,"5":0,"6":0,"7":1,"8":0,"9":0,"10":0,"11":0,"12":0,"13":0,"14":1},"f":{"0":0,"1":0,"2":0},"b":{"0":[0,0]},"_coverageSchema":"1a1c01bbd47fc00a2c39e90264f33305004495a9","hash":"b09104cf3c99ebdf233e5ef3db906e52f8ba9446"}
,"D:\\ДОКУМЕНТЫ\\GitHub\\nodejs-homework-rest-api\\model\\contact.js": {"path":"D:\\ДОКУМЕНТЫ\\GitHub\\nodejs-homework-rest-api\\model\\contact.js","statementMap":{"0":{"start":{"line":1,"column":39},"end":{"line":1,"column":58}},"1":{"start":{"line":2,"column":25},"end":{"line":2,"column":56}},"2":{"start":{"line":4,"column":22},"end":{"line":35,"column":1}},"3":{"start":{"line":30,"column":6},"end":{"line":30,"column":20}},"4":{"start":{"line":31,"column":6},"end":{"line":31,"column":16}},"5":{"start":{"line":37,"column":0},"end":{"line":40,"column":2}},"6":{"start":{"line":38,"column":13},"end":{"line":38,"column":24}},"7":{"start":{"line":39,"column":2},"end":{"line":39,"column":31}},"8":{"start":{"line":42,"column":0},"end":{"line":44,"column":2}},"9":{"start":{"line":43,"column":2},"end":{"line":43,"column":31}},"10":{"start":{"line":46,"column":0},"end":{"line":46,"column":39}},"11":{"start":{"line":48,"column":16},"end":{"line":48,"column":47}},"12":{"start":{"line":50,"column":0},"end":{"line":50,"column":24}}},"fnMap":{"0":{"name":"(anonymous_0)","decl":{"start":{"line":29,"column":15},"end":{"line":29,"column":16}},"loc":{"start":{"line":29,"column":35},"end":{"line":32,"column":5}},"line":29},"1":{"name":"(anonymous_1)","decl":{"start":{"line":37,"column":36},"end":{"line":37,"column":37}},"loc":{"start":{"line":37,"column":47},"end":{"line":40,"column":1}},"line":37},"2":{"name":"(anonymous_2)","decl":{"start":{"line":42,"column":34},"end":{"line":42,"column":35}},"loc":{"start":{"line":42,"column":46},"end":{"line":44,"column":1}},"line":42}},"branchMap":{},"s":{"0":2,"1":2,"2":2,"3":0,"4":0,"5":2,"6":0,"7":0,"8":2,"9":0,"10":2,"11":2,"12":2},"f":{"0":0,"1":0,"2":0},"b":{},"_coverageSchema":"1a1c01bbd47fc00a2c39e90264f33305004495a9","hash":"5dbd65c52e4eb6836924179ea4691cfa3dcf3f40"}
,"D:\\ДОКУМЕНТЫ\\GitHub\\nodejs-homework-rest-api\\model\\db.js": {"path":"D:\\ДОКУМЕНТЫ\\GitHub\\nodejs-homework-rest-api\\model\\db.js","statementMap":{"0":{"start":{"line":1,"column":17},"end":{"line":1,"column":36}},"1":{"start":{"line":2,"column":0},"end":{"line":2,"column":26}},"2":{"start":{"line":4,"column":12},"end":{"line":4,"column":16}},"3":{"start":{"line":5,"column":0},"end":{"line":9,"column":1}},"4":{"start":{"line":6,"column":2},"end":{"line":6,"column":33}},"5":{"start":{"line":8,"column":2},"end":{"line":8,"column":28}},"6":{"start":{"line":11,"column":11},"end":{"line":11,"column":122}},"7":{"start":{"line":13,"column":0},"end":{"line":15,"column":2}},"8":{"start":{"line":14,"column":4},"end":{"line":14,"column":43}},"9":{"start":{"line":17,"column":0},"end":{"line":19,"column":2}},"10":{"start":{"line":18,"column":4},"end":{"line":18,"column":57}},"11":{"start":{"line":21,"column":0},"end":{"line":23,"column":2}},"12":{"start":{"line":22,"column":4},"end":{"line":22,"column":40}},"13":{"start":{"line":25,"column":0},"end":{"line":30,"column":2}},"14":{"start":{"line":26,"column":2},"end":{"line":29,"column":4}},"15":{"start":{"line":27,"column":4},"end":{"line":27,"column":67}},"16":{"start":{"line":28,"column":4},"end":{"line":28,"column":19}},"17":{"start":{"line":32,"column":0},"end":{"line":32,"column":19}}},"fnMap":{"0":{"name":"(anonymous_0)","decl":{"start":{"line":13,"column":36},"end":{"line":13,"column":37}},"loc":{"start":{"line":13,"column":42},"end":{"line":15,"column":1}},"line":13},"1":{"name":"(anonymous_1)","decl":{"start":{"line":17,"column":32},"end":{"line":17,"column":33}},"loc":{"start":{"line":17,"column":39},"end":{"line":19,"column":1}},"line":17},"2":{"name":"(anonymous_2)","decl":{"start":{"line":21,"column":39},"end":{"line":21,"column":40}},"loc":{"start":{"line":21,"column":45},"end":{"line":23,"column":1}},"line":21},"3":{"name":"(anonymous_3)","decl":{"start":{"line":25,"column":21},"end":{"line":25,"column":22}},"loc":{"start":{"line":25,"column":33},"end":{"line":30,"column":1}},"line":25},"4":{"name":"(anonymous_4)","decl":{"start":{"line":26,"column":28},"end":{"line":26,"column":29}},"loc":{"start":{"line":26,"column":34},"end":{"line":29,"column":3}},"line":26}},"branchMap":{"0":{"loc":{"start":{"line":5,"column":0},"end":{"line":9,"column":1}},"type":"if","locations":[{"start":{"line":5,"column":0},"end":{"line":9,"column":1}},{"start":{"line":5,"column":0},"end":{"line":9,"column":1}}],"line":5}},"s":{"0":1,"1":1,"2":1,"3":1,"4":0,"5":1,"6":1,"7":1,"8":1,"9":1,"10":0,"11":1,"12":0,"13":1,"14":0,"15":0,"16":0,"17":1},"f":{"0":1,"1":0,"2":0,"3":0,"4":0},"b":{"0":[0,1]},"_coverageSchema":"1a1c01bbd47fc00a2c39e90264f33305004495a9","hash":"e3b508cf896e825f1197c3ac49414c97e0088a89"}
,"D:\\ДОКУМЕНТЫ\\GitHub\\nodejs-homework-rest-api\\model\\user.js": {"path":"D:\\ДОКУМЕНТЫ\\GitHub\\nodejs-homework-rest-api\\model\\user.js","statementMap":{"0":{"start":{"line":1,"column":26},"end":{"line":1,"column":45}},"1":{"start":{"line":2,"column":17},"end":{"line":2,"column":36}},"2":{"start":{"line":3,"column":25},"end":{"line":3,"column":59}},"3":{"start":{"line":4,"column":15},"end":{"line":4,"column":34}},"4":{"start":{"line":5,"column":25},"end":{"line":5,"column":26}},"5":{"start":{"line":8,"column":19},"end":{"line":47,"column":1}},"6":{"start":{"line":15,"column":19},"end":{"line":15,"column":155}},"7":{"start":{"line":16,"column":8},"end":{"line":16,"column":57}},"8":{"start":{"line":35,"column":8},"end":{"line":35,"column":57}},"9":{"start":{"line":49,"column":0},"end":{"line":54,"column":2}},"10":{"start":{"line":50,"column":4},"end":{"line":53,"column":5}},"11":{"start":{"line":51,"column":21},"end":{"line":51,"column":59}},"12":{"start":{"line":52,"column":8},"end":{"line":52,"column":63}},"13":{"start":{"line":56,"column":0},"end":{"line":58,"column":1}},"14":{"start":{"line":57,"column":4},"end":{"line":57,"column":56}},"15":{"start":{"line":60,"column":13},"end":{"line":60,"column":38}},"16":{"start":{"line":62,"column":0},"end":{"line":62,"column":21}}},"fnMap":{"0":{"name":"(anonymous_0)","decl":{"start":{"line":14,"column":6},"end":{"line":14,"column":7}},"loc":{"start":{"line":14,"column":22},"end":{"line":17,"column":9}},"line":14},"1":{"name":"(anonymous_1)","decl":{"start":{"line":34,"column":15},"end":{"line":34,"column":16}},"loc":{"start":{"line":34,"column":27},"end":{"line":36,"column":7}},"line":34},"2":{"name":"(anonymous_2)","decl":{"start":{"line":49,"column":23},"end":{"line":49,"column":24}},"loc":{"start":{"line":49,"column":45},"end":{"line":54,"column":1}},"line":49},"3":{"name":"(anonymous_3)","decl":{"start":{"line":56,"column":37},"end":{"line":56,"column":38}},"loc":{"start":{"line":56,"column":63},"end":{"line":58,"column":1}},"line":56}},"branchMap":{"0":{"loc":{"start":{"line":50,"column":4},"end":{"line":53,"column":5}},"type":"if","locations":[{"start":{"line":50,"column":4},"end":{"line":53,"column":5}},{"start":{"line":50,"column":4},"end":{"line":53,"column":5}}],"line":50}},"s":{"0":2,"1":2,"2":2,"3":2,"4":2,"5":2,"6":0,"7":0,"8":0,"9":2,"10":0,"11":0,"12":0,"13":2,"14":0,"15":2,"16":2},"f":{"0":0,"1":0,"2":0,"3":0},"b":{"0":[0,0]},"_coverageSchema":"1a1c01bbd47fc00a2c39e90264f33305004495a9","hash":"ad70484801296869c08b982ce548617eb11e6319"}
,"D:\\ДОКУМЕНТЫ\\GitHub\\nodejs-homework-rest-api\\repositories\\contacts.js": {"path":"D:\\ДОКУМЕНТЫ\\GitHub\\nodejs-homework-rest-api\\repositories\\contacts.js","statementMap":{"0":{"start":{"line":1,"column":16},"end":{"line":1,"column":43}},"1":{"start":{"line":3,"column":21},"end":{"line":26,"column":1}},"2":{"start":{"line":11,"column":6},"end":{"line":11,"column":11}},"3":{"start":{"line":12,"column":24},"end":{"line":12,"column":41}},"4":{"start":{"line":13,"column":2},"end":{"line":13,"column":51}},"5":{"start":{"line":13,"column":16},"end":{"line":13,"column":49}},"6":{"start":{"line":14,"column":18},"end":{"line":24,"column":62}},"7":{"start":{"line":25,"column":2},"end":{"line":25,"column":16}},"8":{"start":{"line":28,"column":23},"end":{"line":32,"column":1}},"9":{"start":{"line":29,"column":18},"end":{"line":30,"column":59}},"10":{"start":{"line":31,"column":2},"end":{"line":31,"column":16}},"11":{"start":{"line":34,"column":22},"end":{"line":37,"column":1}},"12":{"start":{"line":35,"column":17},"end":{"line":35,"column":80}},"13":{"start":{"line":36,"column":2},"end":{"line":36,"column":15}},"14":{"start":{"line":39,"column":19},"end":{"line":42,"column":1}},"15":{"start":{"line":40,"column":17},"end":{"line":40,"column":63}},"16":{"start":{"line":41,"column":2},"end":{"line":41,"column":15}},"17":{"start":{"line":44,"column":22},"end":{"line":47,"column":1}},"18":{"start":{"line":45,"column":17},"end":{"line":45,"column":106}},"19":{"start":{"line":46,"column":2},"end":{"line":46,"column":15}},"20":{"start":{"line":49,"column":0},"end":{"line":55,"column":1}}},"fnMap":{"0":{"name":"(anonymous_0)","decl":{"start":{"line":3,"column":21},"end":{"line":3,"column":22}},"loc":{"start":{"line":3,"column":46},"end":{"line":26,"column":1}},"line":3},"1":{"name":"(anonymous_1)","decl":{"start":{"line":28,"column":23},"end":{"line":28,"column":24}},"loc":{"start":{"line":28,"column":52},"end":{"line":32,"column":1}},"line":28},"2":{"name":"(anonymous_2)","decl":{"start":{"line":34,"column":22},"end":{"line":34,"column":23}},"loc":{"start":{"line":34,"column":51},"end":{"line":37,"column":1}},"line":34},"3":{"name":"(anonymous_3)","decl":{"start":{"line":39,"column":19},"end":{"line":39,"column":20}},"loc":{"start":{"line":39,"column":43},"end":{"line":42,"column":1}},"line":39},"4":{"name":"(anonymous_4)","decl":{"start":{"line":44,"column":22},"end":{"line":44,"column":23}},"loc":{"start":{"line":44,"column":57},"end":{"line":47,"column":1}},"line":44}},"branchMap":{"0":{"loc":{"start":{"line":8,"column":4},"end":{"line":8,"column":20}},"type":"default-arg","locations":[{"start":{"line":8,"column":15},"end":{"line":8,"column":20}}],"line":8},"1":{"loc":{"start":{"line":9,"column":4},"end":{"line":9,"column":14}},"type":"default-arg","locations":[{"start":{"line":9,"column":12},"end":{"line":9,"column":14}}],"line":9},"2":{"loc":{"start":{"line":10,"column":4},"end":{"line":10,"column":14}},"type":"default-arg","locations":[{"start":{"line":10,"column":13},"end":{"line":10,"column":14}}],"line":10},"3":{"loc":{"start":{"line":13,"column":2},"end":{"line":13,"column":51}},"type":"if","locations":[{"start":{"line":13,"column":2},"end":{"line":13,"column":51}},{"start":{"line":13,"column":2},"end":{"line":13,"column":51}}],"line":13},"4":{"loc":{"start":{"line":18,"column":10},"end":{"line":18,"column":44}},"type":"cond-expr","locations":[{"start":{"line":18,"column":19},"end":{"line":18,"column":39}},{"start":{"line":18,"column":42},"end":{"line":18,"column":44}}],"line":18},"5":{"loc":{"start":{"line":19,"column":10},"end":{"line":19,"column":53}},"type":"cond-expr","locations":[{"start":{"line":19,"column":23},"end":{"line":19,"column":48}},{"start":{"line":19,"column":51},"end":{"line":19,"column":53}}],"line":19},"6":{"loc":{"start":{"line":21,"column":12},"end":{"line":21,"column":53}},"type":"cond-expr","locations":[{"start":{"line":21,"column":21},"end":{"line":21,"column":48}},{"start":{"line":21,"column":51},"end":{"line":21,"column":53}}],"line":21}},"s":{"0":2,"1":2,"2":0,"3":0,"4":0,"5":0,"6":0,"7":0,"8":2,"9":0,"10":0,"11":2,"12":0,"13":0,"14":2,"15":0,"16":0,"17":2,"18":0,"19":0,"20":2},"f":{"0":0,"1":0,"2":0,"3":0,"4":0},"b":{"0":[0],"1":[0],"2":[0],"3":[0,0],"4":[0,0],"5":[0,0],"6":[0,0]},"_coverageSchema":"1a1c01bbd47fc00a2c39e90264f33305004495a9","hash":"a9038fda38dbe8a9528129530bdd8d6e7c981ee8"}
,"D:\\ДОКУМЕНТЫ\\GitHub\\nodejs-homework-rest-api\\repositories\\users.js": {"path":"D:\\ДОКУМЕНТЫ\\GitHub\\nodejs-homework-rest-api\\repositories\\users.js","statementMap":{"0":{"start":{"line":1,"column":13},"end":{"line":1,"column":37}},"1":{"start":{"line":3,"column":17},"end":{"line":5,"column":1}},"2":{"start":{"line":4,"column":4},"end":{"line":4,"column":34}},"3":{"start":{"line":6,"column":20},"end":{"line":8,"column":1}},"4":{"start":{"line":7,"column":4},"end":{"line":7,"column":38}},"5":{"start":{"line":9,"column":19},"end":{"line":12,"column":1}},"6":{"start":{"line":10,"column":15},"end":{"line":10,"column":29}},"7":{"start":{"line":11,"column":2},"end":{"line":11,"column":27}},"8":{"start":{"line":14,"column":20},"end":{"line":16,"column":1}},"9":{"start":{"line":15,"column":2},"end":{"line":15,"column":54}},"10":{"start":{"line":18,"column":21},"end":{"line":20,"column":1}},"11":{"start":{"line":19,"column":2},"end":{"line":19,"column":70}},"12":{"start":{"line":22,"column":0},"end":{"line":28,"column":2}}},"fnMap":{"0":{"name":"(anonymous_0)","decl":{"start":{"line":3,"column":17},"end":{"line":3,"column":18}},"loc":{"start":{"line":3,"column":31},"end":{"line":5,"column":1}},"line":3},"1":{"name":"(anonymous_1)","decl":{"start":{"line":6,"column":20},"end":{"line":6,"column":21}},"loc":{"start":{"line":6,"column":37},"end":{"line":8,"column":1}},"line":6},"2":{"name":"(anonymous_2)","decl":{"start":{"line":9,"column":19},"end":{"line":9,"column":20}},"loc":{"start":{"line":9,"column":35},"end":{"line":12,"column":1}},"line":9},"3":{"name":"(anonymous_3)","decl":{"start":{"line":14,"column":20},"end":{"line":14,"column":21}},"loc":{"start":{"line":14,"column":41},"end":{"line":16,"column":1}},"line":14},"4":{"name":"(anonymous_4)","decl":{"start":{"line":18,"column":21},"end":{"line":18,"column":22}},"loc":{"start":{"line":18,"column":65},"end":{"line":20,"column":1}},"line":18}},"branchMap":{"0":{"loc":{"start":{"line":18,"column":40},"end":{"line":18,"column":60}},"type":"default-arg","locations":[{"start":{"line":18,"column":56},"end":{"line":18,"column":60}}],"line":18}},"s":{"0":2,"1":2,"2":0,"3":2,"4":0,"5":2,"6":0,"7":0,"8":2,"9":0,"10":2,"11":0,"12":2},"f":{"0":0,"1":0,"2":0,"3":0,"4":0},"b":{"0":[0]},"_coverageSchema":"1a1c01bbd47fc00a2c39e90264f33305004495a9","hash":"94aff3a2aae5e4ae9d622ceb186ea65633768e0f"}
,"D:\\ДОКУМЕНТЫ\\GitHub\\nodejs-homework-rest-api\\routes\\api\\index.js": {"path":"D:\\ДОКУМЕНТЫ\\GitHub\\nodejs-homework-rest-api\\routes\\api\\index.js","statementMap":{"0":{"start":{"line":1,"column":16},"end":{"line":1,"column":34}},"1":{"start":{"line":2,"column":15},"end":{"line":2,"column":31}},"2":{"start":{"line":4,"column":0},"end":{"line":4,"column":40}},"3":{"start":{"line":5,"column":0},"end":{"line":5,"column":46}},"4":{"start":{"line":7,"column":0},"end":{"line":7,"column":23}}},"fnMap":{},"branchMap":{},"s":{"0":1,"1":1,"2":1,"3":1,"4":1},"f":{},"b":{},"_coverageSchema":"1a1c01bbd47fc00a2c39e90264f33305004495a9","hash":"38f87e0358c9c6bce17ffa341e3b7beacfd2d676"}
,"D:\\ДОКУМЕНТЫ\\GitHub\\nodejs-homework-rest-api\\routes\\api\\contacts\\index.js": {"path":"D:\\ДОКУМЕНТЫ\\GitHub\\nodejs-homework-rest-api\\routes\\api\\contacts\\index.js","statementMap":{"0":{"start":{"line":1,"column":16},"end":{"line":1,"column":34}},"1":{"start":{"line":2,"column":15},"end":{"line":2,"column":31}},"2":{"start":{"line":3,"column":19},"end":{"line":3,"column":59}},"3":{"start":{"line":4,"column":14},"end":{"line":4,"column":47}},"4":{"start":{"line":11,"column":22},"end":{"line":11,"column":45}},"5":{"start":{"line":13,"column":0},"end":{"line":15,"column":79}},"6":{"start":{"line":17,"column":0},"end":{"line":20,"column":94}},"7":{"start":{"line":22,"column":0},"end":{"line":22,"column":121}},"8":{"start":{"line":24,"column":0},"end":{"line":24,"column":23}}},"fnMap":{},"branchMap":{},"s":{"0":1,"1":1,"2":1,"3":1,"4":1,"5":1,"6":1,"7":1,"8":1},"f":{},"b":{},"_coverageSchema":"1a1c01bbd47fc00a2c39e90264f33305004495a9","hash":"e4fa88b2e9776e4050d08a202aad027a44997386"}
,"D:\\ДОКУМЕНТЫ\\GitHub\\nodejs-homework-rest-api\\routes\\api\\contacts\\validation.js": {"path":"D:\\ДОКУМЕНТЫ\\GitHub\\nodejs-homework-rest-api\\routes\\api\\contacts\\validation.js","statementMap":{"0":{"start":{"line":1,"column":12},"end":{"line":1,"column":26}},"1":{"start":{"line":2,"column":17},"end":{"line":2,"column":36}},"2":{"start":{"line":3,"column":21},"end":{"line":3,"column":58}},"3":{"start":{"line":5,"column":25},"end":{"line":16,"column":2}},"4":{"start":{"line":17,"column":28},"end":{"line":28,"column":43}},"5":{"start":{"line":30,"column":34},"end":{"line":34,"column":2}},"6":{"start":{"line":36,"column":17},"end":{"line":44,"column":1}},"7":{"start":{"line":37,"column":4},"end":{"line":43,"column":6}},"8":{"start":{"line":38,"column":8},"end":{"line":38,"column":39}},"9":{"start":{"line":39,"column":8},"end":{"line":39,"column":21}},"10":{"start":{"line":41,"column":8},"end":{"line":41,"column":24}},"11":{"start":{"line":42,"column":8},"end":{"line":42,"column":86}},"12":{"start":{"line":46,"column":0},"end":{"line":62,"column":1}},"13":{"start":{"line":48,"column":8},"end":{"line":48,"column":63}},"14":{"start":{"line":51,"column":8},"end":{"line":51,"column":72}},"15":{"start":{"line":54,"column":8},"end":{"line":54,"column":66}},"16":{"start":{"line":57,"column":4},"end":{"line":59,"column":5}},"17":{"start":{"line":58,"column":6},"end":{"line":58,"column":66}},"18":{"start":{"line":60,"column":4},"end":{"line":60,"column":10}}},"fnMap":{"0":{"name":"(anonymous_0)","decl":{"start":{"line":36,"column":17},"end":{"line":36,"column":18}},"loc":{"start":{"line":36,"column":46},"end":{"line":44,"column":1}},"line":36},"1":{"name":"(anonymous_1)","decl":{"start":{"line":47,"column":24},"end":{"line":47,"column":25}},"loc":{"start":{"line":47,"column":50},"end":{"line":49,"column":5}},"line":47},"2":{"name":"(anonymous_2)","decl":{"start":{"line":50,"column":33},"end":{"line":50,"column":34}},"loc":{"start":{"line":50,"column":59},"end":{"line":52,"column":5}},"line":50},"3":{"name":"(anonymous_3)","decl":{"start":{"line":53,"column":27},"end":{"line":53,"column":28}},"loc":{"start":{"line":53,"column":53},"end":{"line":55,"column":5}},"line":53},"4":{"name":"(anonymous_4)","decl":{"start":{"line":56,"column":21},"end":{"line":56,"column":22}},"loc":{"start":{"line":56,"column":47},"end":{"line":61,"column":3}},"line":56}},"branchMap":{"0":{"loc":{"start":{"line":57,"column":4},"end":{"line":59,"column":5}},"type":"if","locations":[{"start":{"line":57,"column":4},"end":{"line":59,"column":5}},{"start":{"line":57,"column":4},"end":{"line":59,"column":5}}],"line":57}},"s":{"0":1,"1":1,"2":1,"3":1,"4":1,"5":1,"6":1,"7":0,"8":0,"9":0,"10":0,"11":0,"12":1,"13":0,"14":0,"15":0,"16":0,"17":0,"18":0},"f":{"0":0,"1":0,"2":0,"3":0,"4":0},"b":{"0":[0,0]},"_coverageSchema":"1a1c01bbd47fc00a2c39e90264f33305004495a9","hash":"22cbc905eebed73eb8848a15719a5e4a86bfd165"}
,"D:\\ДОКУМЕНТЫ\\GitHub\\nodejs-homework-rest-api\\routes\\api\\users\\index.js": {"path":"D:\\ДОКУМЕНТЫ\\GitHub\\nodejs-homework-rest-api\\routes\\api\\users\\index.js","statementMap":{"0":{"start":{"line":1,"column":16},"end":{"line":1,"column":34}},"1":{"start":{"line":2,"column":15},"end":{"line":2,"column":31}},"2":{"start":{"line":3,"column":19},"end":{"line":3,"column":56}},"3":{"start":{"line":4,"column":14},"end":{"line":4,"column":47}},"4":{"start":{"line":5,"column":15},"end":{"line":5,"column":49}},"5":{"start":{"line":9,"column":24},"end":{"line":9,"column":47}},"6":{"start":{"line":11,"column":0},"end":{"line":11,"column":62}},"7":{"start":{"line":12,"column":0},"end":{"line":12,"column":59}},"8":{"start":{"line":13,"column":0},"end":{"line":13,"column":48}},"9":{"start":{"line":14,"column":0},"end":{"line":14,"column":76}},"10":{"start":{"line":16,"column":0},"end":{"line":16,"column":23}}},"fnMap":{},"branchMap":{},"s":{"0":1,"1":1,"2":1,"3":1,"4":1,"5":1,"6":1,"7":1,"8":1,"9":1,"10":1},"f":{},"b":{},"_coverageSchema":"1a1c01bbd47fc00a2c39e90264f33305004495a9","hash":"a57099c4bc167ed30a624d644d426decf5629c6a"}
,"D:\\ДОКУМЕНТЫ\\GitHub\\nodejs-homework-rest-api\\routes\\api\\users\\validation.js": {"path":"D:\\ДОКУМЕНТЫ\\GitHub\\nodejs-homework-rest-api\\routes\\api\\users\\validation.js","statementMap":{"0":{"start":{"line":1,"column":12},"end":{"line":1,"column":26}},"1":{"start":{"line":2,"column":21},"end":{"line":2,"column":58}},"2":{"start":{"line":4,"column":22},"end":{"line":9,"column":2}},"3":{"start":{"line":10,"column":24},"end":{"line":13,"column":2}},"4":{"start":{"line":15,"column":17},"end":{"line":23,"column":1}},"5":{"start":{"line":16,"column":4},"end":{"line":22,"column":6}},"6":{"start":{"line":17,"column":8},"end":{"line":17,"column":39}},"7":{"start":{"line":18,"column":8},"end":{"line":18,"column":21}},"8":{"start":{"line":20,"column":8},"end":{"line":20,"column":24}},"9":{"start":{"line":21,"column":8},"end":{"line":21,"column":86}},"10":{"start":{"line":25,"column":0},"end":{"line":32,"column":1}},"11":{"start":{"line":27,"column":8},"end":{"line":27,"column":60}},"12":{"start":{"line":30,"column":8},"end":{"line":30,"column":62}}},"fnMap":{"0":{"name":"(anonymous_0)","decl":{"start":{"line":15,"column":17},"end":{"line":15,"column":18}},"loc":{"start":{"line":15,"column":46},"end":{"line":23,"column":1}},"line":15},"1":{"name":"(anonymous_1)","decl":{"start":{"line":26,"column":21},"end":{"line":26,"column":22}},"loc":{"start":{"line":26,"column":47},"end":{"line":28,"column":5}},"line":26},"2":{"name":"(anonymous_2)","decl":{"start":{"line":29,"column":23},"end":{"line":29,"column":24}},"loc":{"start":{"line":29,"column":49},"end":{"line":31,"column":5}},"line":29}},"branchMap":{},"s":{"0":1,"1":1,"2":1,"3":1,"4":1,"5":0,"6":0,"7":0,"8":0,"9":0,"10":1,"11":0,"12":0},"f":{"0":0,"1":0,"2":0},"b":{},"_coverageSchema":"1a1c01bbd47fc00a2c39e90264f33305004495a9","hash":"75d2aa6603dcde39049a22806bd6ee0ca3a74063"}
,"D:\\ДОКУМЕНТЫ\\GitHub\\nodejs-homework-rest-api\\services\\cloud-upload.js": {"path":"D:\\ДОКУМЕНТЫ\\GitHub\\nodejs-homework-rest-api\\services\\cloud-upload.js","statementMap":{"0":{"start":{"line":1,"column":19},"end":{"line":1,"column":43}},"1":{"start":{"line":2,"column":22},"end":{"line":2,"column":37}},"2":{"start":{"line":3,"column":0},"end":{"line":3,"column":26}},"3":{"start":{"line":6,"column":0},"end":{"line":10,"column":2}},"4":{"start":{"line":12,"column":20},"end":{"line":12,"column":57}},"5":{"start":{"line":19,"column":8},"end":{"line":23,"column":6}},"6":{"start":{"line":24,"column":4},"end":{"line":24,"column":40}},"7":{"start":{"line":29,"column":0},"end":{"line":29,"column":36}}},"fnMap":{"0":{"name":"(anonymous_0)","decl":{"start":{"line":15,"column":2},"end":{"line":15,"column":3}},"loc":{"start":{"line":15,"column":47},"end":{"line":25,"column":3}},"line":15}},"branchMap":{},"s":{"0":1,"1":1,"2":1,"3":1,"4":1,"5":0,"6":0,"7":1},"f":{"0":0},"b":{},"_coverageSchema":"1a1c01bbd47fc00a2c39e90264f33305004495a9","hash":"4c834f029fb4ab5f8ce2a80b54f40b649e77dd80"}
,"D:\\ДОКУМЕНТЫ\\GitHub\\nodejs-homework-rest-api\\test\\data\\data.js": {"path":"D:\\ДОКУМЕНТЫ\\GitHub\\nodejs-homework-rest-api\\test\\data\\data.js","statementMap":{},"fnMap":{},"branchMap":{},"s":{},"f":{},"b":{},"_coverageSchema":"1a1c01bbd47fc00a2c39e90264f33305004495a9","hash":"732fe34fa7c853b0850030f7a26275727c752d23"}
}
