TN:
SF:app.js
FN:25,(anonymous_0)
FN:34,(anonymous_1)
FN:44,(anonymous_2)
FNF:3
FNH:0
FNDA:0,(anonymous_0)
FNDA:0,(anonymous_1)
FNDA:0,(anonymous_2)
DA:1,2
DA:2,2
DA:3,2
DA:4,2
DA:5,2
DA:6,2
DA:7,2
DA:8,2
DA:9,2
DA:10,2
DA:11,2
DA:12,2
DA:14,2
DA:15,2
DA:16,2
DA:17,2
DA:18,2
DA:19,2
DA:20,2
DA:21,2
DA:23,2
DA:25,2
DA:26,0
DA:34,2
DA:35,0
DA:36,0
DA:44,2
DA:45,0
DA:48,2
LF:29
LH:25
BRDA:14,0,0,0
BRDA:14,0,1,2
BRDA:17,1,0,2
BRDA:17,1,1,2
BRDA:35,2,0,0
BRDA:35,2,1,0
BRDA:38,3,0,0
BRDA:38,3,1,0
BRF:8
BRH:3
end_of_record
TN:
SF:config\passport.js
FN:11,(anonymous_0)
FNF:1
FNH:1
FNDA:5,(anonymous_0)
DA:1,3
DA:2,3
DA:3,3
DA:4,3
DA:6,3
DA:7,3
DA:8,3
DA:9,3
DA:11,3
DA:12,5
DA:13,5
DA:14,5
DA:15,0
DA:17,5
DA:18,0
DA:20,5
DA:22,0
LF:17
LH:14
BRDA:14,0,0,0
BRDA:14,0,1,5
BRDA:17,1,0,0
BRDA:17,1,1,5
BRF:4
BRH:2
end_of_record
TN:
SF:controllers\contacts.js
FN:4,(anonymous_0)
FN:21,(anonymous_1)
FN:44,(anonymous_2)
FN:59,(anonymous_3)
FN:82,(anonymous_4)
FN:100,(anonymous_5)
FNF:6
FNH:4
FNDA:1,(anonymous_0)
FNDA:2,(anonymous_1)
FNDA:1,(anonymous_2)
FNDA:0,(anonymous_3)
FNDA:3,(anonymous_4)
FNDA:0,(anonymous_5)
DA:1,3
DA:2,3
DA:4,3
DA:5,1
DA:6,1
DA:7,1
DA:8,1
DA:17,0
DA:21,3
DA:22,2
DA:23,2
DA:24,2
DA:25,2
DA:26,1
DA:34,1
DA:40,0
DA:44,3
DA:45,1
DA:46,1
DA:47,1
DA:48,1
DA:52,0
DA:53,0
DA:55,0
DA:59,3
DA:60,0
DA:61,0
DA:62,0
DA:63,0
DA:64,0
DA:72,0
DA:78,0
DA:82,3
DA:83,3
DA:84,3
DA:85,3
DA:86,2
DA:87,1
DA:93,1
DA:97,1
DA:100,3
DA:101,0
DA:102,0
DA:103,0
DA:104,0
DA:105,0
DA:111,0
DA:115,0
DA:118,3
LF:49
LH:30
BRDA:25,0,0,1
BRDA:25,0,1,1
BRDA:52,1,0,0
BRDA:52,1,1,0
BRDA:63,2,0,0
BRDA:63,2,1,0
BRDA:86,3,0,1
BRDA:86,3,1,1
BRDA:104,4,0,0
BRDA:104,4,1,0
BRF:10
BRH:4
end_of_record
TN:
SF:controllers\users.js
FN:11,(anonymous_0)
FN:32,(anonymous_1)
FN:58,(anonymous_2)
FN:69,(anonymous_3)
FNF:4
FNH:3
FNDA:2,(anonymous_0)
FNDA:1,(anonymous_1)
FNDA:0,(anonymous_2)
FNDA:1,(anonymous_3)
DA:1,2
DA:2,2
DA:3,2
DA:4,2
DA:7,2
DA:8,2
DA:9,2
DA:11,2
DA:12,2
DA:13,2
DA:14,2
DA:15,1
DA:21,1
DA:23,1
DA:29,0
DA:32,2
DA:33,1
DA:34,1
DA:35,1
DA:36,1
DA:37,0
DA:43,1
DA:44,1
DA:45,1
DA:46,1
DA:47,1
DA:55,0
DA:58,2
DA:59,0
DA:60,0
DA:61,0
DA:62,0
DA:64,0
DA:69,2
DA:70,1
DA:71,1
DA:72,1
DA:73,1
DA:78,1
DA:80,1
DA:81,1
DA:83,0
DA:117,2
LF:43
LH:34
BRDA:14,0,0,1
BRDA:14,0,1,1
BRDA:36,1,0,0
BRDA:36,1,1,1
BRDA:36,2,0,1
BRDA:36,2,1,1
BRF:6
BRH:5
end_of_record
TN:
SF:helpers\constants.js
FN:23,(anonymous_0)
FNF:1
FNH:0
FNDA:0,(anonymous_0)
DA:1,4
DA:7,4
DA:20,4
DA:24,0
DA:32,4
LF:5
LH:4
BRF:0
BRH:0
end_of_record
TN:
SF:helpers\guard.js
FN:5,(anonymous_0)
FN:6,(anonymous_1)
FNF:2
FNH:2
FNDA:8,(anonymous_0)
FNDA:8,(anonymous_1)
DA:1,3
DA:2,3
DA:3,3
DA:5,3
DA:6,8
DA:7,8
DA:8,8
DA:9,8
DA:10,8
DA:12,8
DA:13,2
DA:19,6
DA:20,6
DA:25,3
LF:14
LH:14
BRDA:9,0,0,8
BRDA:9,0,1,0
BRDA:12,1,0,2
BRDA:12,1,1,6
BRDA:12,2,0,8
BRDA:12,2,1,8
BRDA:12,2,2,7
BRF:7
BRH:6
end_of_record
TN:
SF:helpers\upload.js
FN:9,(anonymous_0)
FN:12,(anonymous_1)
FN:18,(anonymous_2)
FNF:3
FNH:3
FNDA:1,(anonymous_0)
FNDA:1,(anonymous_1)
FNDA:1,(anonymous_2)
DA:1,2
DA:2,2
DA:4,2
DA:6,2
DA:8,2
DA:10,1
DA:13,1
DA:17,2
DA:19,1
DA:20,1
DA:21,1
DA:23,0
DA:24,0
DA:25,0
DA:28,2
LF:15
LH:12
BRDA:19,0,0,1
BRDA:19,0,1,0
BRF:2
BRH:1
end_of_record
TN:
SF:model\contact.js
FN:29,(anonymous_0)
FN:37,(anonymous_1)
FN:42,(anonymous_2)
FNF:3
FNH:3
FNDA:2,(anonymous_0)
FNDA:2,(anonymous_1)
FNDA:2,(anonymous_2)
DA:1,3
DA:2,3
DA:4,3
DA:30,2
DA:31,2
DA:37,3
DA:38,2
DA:39,2
DA:42,3
DA:43,2
DA:46,3
DA:48,3
DA:50,3
LF:13
LH:13
BRF:0
BRH:0
end_of_record
TN:
SF:model\db.js
FN:13,(anonymous_0)
FN:17,(anonymous_1)
FN:21,(anonymous_2)
FN:25,(anonymous_3)
FN:26,(anonymous_4)
FNF:5
FNH:2
FNDA:2,(anonymous_0)
FNDA:0,(anonymous_1)
FNDA:2,(anonymous_2)
FNDA:0,(anonymous_3)
FNDA:0,(anonymous_4)
DA:1,2
DA:2,2
DA:4,2
DA:5,2
DA:6,0
DA:8,2
DA:11,2
DA:13,2
DA:14,2
DA:17,2
DA:18,0
DA:21,2
DA:22,2
DA:25,2
DA:26,0
DA:27,0
DA:28,0
DA:32,2
LF:18
LH:13
BRDA:5,0,0,0
BRDA:5,0,1,2
BRF:2
BRH:1
end_of_record
TN:
SF:model\user.js
FN:14,(anonymous_0)
FN:34,(anonymous_1)
FN:49,(anonymous_2)
FN:56,(anonymous_3)
FNF:4
FNH:4
FNDA:2,(anonymous_0)
FNDA:2,(anonymous_1)
FNDA:2,(anonymous_2)
FNDA:1,(anonymous_3)
DA:1,3
DA:2,3
DA:3,3
DA:4,3
DA:5,3
DA:8,3
DA:15,2
DA:16,2
DA:35,2
DA:49,3
DA:50,2
DA:51,2
DA:52,2
DA:56,3
DA:57,1
DA:60,3
DA:62,3
LF:17
LH:17
BRDA:50,0,0,2
BRDA:50,0,1,0
BRF:2
BRH:1
end_of_record
TN:
SF:repositories\contacts.js
FN:3,(anonymous_0)
FN:28,(anonymous_1)
FN:34,(anonymous_2)
FN:39,(anonymous_3)
FN:44,(anonymous_4)
FNF:5
FNH:3
FNDA:1,(anonymous_0)
FNDA:2,(anonymous_1)
FNDA:0,(anonymous_2)
FNDA:1,(anonymous_3)
FNDA:0,(anonymous_4)
DA:1,3
DA:3,3
DA:11,1
DA:12,1
DA:13,1
DA:14,1
DA:25,1
DA:28,3
DA:29,2
DA:31,2
DA:34,3
DA:35,0
DA:36,0
DA:39,3
DA:40,1
DA:41,1
DA:44,3
DA:45,0
DA:46,0
DA:49,3
LF:20
LH:16
BRDA:8,0,0,1
BRDA:9,1,0,1
BRDA:10,2,0,1
BRDA:13,3,0,0
BRDA:13,3,1,1
BRDA:18,4,0,0
BRDA:18,4,1,1
BRDA:19,5,0,0
BRDA:19,5,1,1
BRDA:21,6,0,0
BRDA:21,6,1,1
BRF:11
BRH:7
end_of_record
TN:
SF:repositories\users.js
FN:3,(anonymous_0)
FN:6,(anonymous_1)
FN:9,(anonymous_2)
FN:14,(anonymous_3)
FN:18,(anonymous_4)
FNF:5
FNH:5
FNDA:5,(anonymous_0)
FNDA:3,(anonymous_1)
FNDA:1,(anonymous_2)
FNDA:2,(anonymous_3)
FNDA:1,(anonymous_4)
DA:1,3
DA:3,3
DA:4,5
DA:6,3
DA:7,3
DA:9,3
DA:10,1
DA:11,1
DA:14,3
DA:15,2
DA:18,3
DA:19,1
DA:22,3
LF:13
LH:13
BRDA:18,0,0,0
BRF:1
BRH:0
end_of_record
TN:
SF:routes\api\index.js
FNF:0
FNH:0
DA:1,2
DA:2,2
DA:4,2
DA:5,2
DA:7,2
LF:5
LH:5
BRF:0
BRH:0
end_of_record
TN:
SF:routes\api\contacts\index.js
FNF:0
FNH:0
DA:1,2
DA:2,2
DA:3,2
DA:4,2
DA:11,2
DA:13,2
DA:17,2
DA:22,2
DA:24,2
LF:9
LH:9
BRF:0
BRH:0
end_of_record
TN:
SF:routes\api\contacts\validation.js
FN:36,(anonymous_0)
FN:47,(anonymous_1)
FN:50,(anonymous_2)
FN:53,(anonymous_3)
FN:56,(anonymous_4)
FNF:5
FNH:3
FNDA:1,(anonymous_0)
FNDA:1,(anonymous_1)
FNDA:0,(anonymous_2)
FNDA:0,(anonymous_3)
FNDA:3,(anonymous_4)
DA:1,2
DA:2,2
DA:3,2
DA:5,2
DA:17,2
DA:30,2
DA:36,2
DA:37,1
DA:38,1
DA:39,1
DA:41,0
DA:42,0
DA:46,2
DA:48,1
DA:51,0
DA:54,0
DA:57,3
DA:58,0
DA:60,3
LF:19
LH:14
BRDA:57,0,0,0
BRDA:57,0,1,3
BRF:2
BRH:1
end_of_record
TN:
SF:routes\api\users\index.js
FNF:0
FNH:0
DA:1,2
DA:2,2
DA:3,2
DA:4,2
DA:5,2
DA:9,2
DA:11,2
DA:12,2
DA:13,2
DA:14,2
DA:16,2
LF:11
LH:11
BRF:0
BRH:0
end_of_record
TN:
SF:routes\api\users\validation.js
FN:15,(anonymous_0)
FN:26,(anonymous_1)
FN:29,(anonymous_2)
FNF:3
FNH:3
FNDA:3,(anonymous_0)
FNDA:2,(anonymous_1)
FNDA:1,(anonymous_2)
DA:1,2
DA:2,2
DA:4,2
DA:10,2
DA:15,2
DA:16,3
DA:17,3
DA:18,3
DA:20,0
DA:21,0
DA:25,2
DA:27,2
DA:30,1
LF:13
LH:11
BRF:0
BRH:0
end_of_record
TN:
SF:services\cloud-upload.js
FN:15,(anonymous_0)
FNF:1
FNH:1
FNDA:1,(anonymous_0)
DA:1,2
DA:2,2
DA:3,2
DA:6,2
DA:12,2
DA:19,1
DA:24,1
DA:29,2
LF:8
LH:8
BRF:0
BRH:0
end_of_record
TN:
SF:test\data\data.js
FNF:0
FNH:0
DA:1,2
DA:7,2
DA:12,2
DA:17,2
LF:4
LH:4
BRF:0
BRH:0
end_of_record
